DEBUG:urllib3.connectionpool:Starting new HTTPS connection (1): www.proxy-list.download:443
DEBUG:urllib3.connectionpool:https://www.proxy-list.download:443 "GET /api/v1/get?type=https HTTP/11" 200 None
WARNING:werkzeug: * Debugger is active!
INFO:werkzeug: * Debugger PIN: 665-192-168
INFO:werkzeug:127.0.0.1 - - [05/Aug/2024 16:09:25] "GET / HTTP/1.1" 200 -
DEBUG:root:Attempt 1 to fetch trends data with keywords: ['plytki'] and language: pl-PL
DEBUG:root:Using headers: {'User-Agent': 'Mozilla/5.0 (Windows NT 10.0; Win64; x64) AppleWebKit/537.36 (KHTML, like Gecko) Chrome/91.0.4472.124 Safari/537.36'} and proxy: 161.202.226.194:8123
DEBUG:urllib3.connectionpool:Starting new HTTPS connection (1): trends.google.com:443
DEBUG:urllib3.connectionpool:Starting new HTTPS connection (1): trends.google.com:443
DEBUG:urllib3.connectionpool:Starting new HTTPS connection (1): trends.google.com:443
DEBUG:urllib3.connectionpool:Starting new HTTPS connection (1): trends.google.com:443
DEBUG:urllib3.connectionpool:Starting new HTTPS connection (1): trends.google.com:443
INFO:werkzeug:127.0.0.1 - - [05/Aug/2024 16:10:06] "GET / HTTP/1.1" 200 -
DEBUG:urllib3.connectionpool:Starting new HTTPS connection (1): trends.google.com:443
DEBUG:urllib3.connectionpool:Starting new HTTPS connection (1): trends.google.com:443
DEBUG:root:Attempt 1 to fetch trends data with keywords: ['plytki'] and language: pl-PL
DEBUG:root:Using headers: {'User-Agent': 'Mozilla/5.0 (Windows NT 10.0; Win64; x64) AppleWebKit/537.36 (KHTML, like Gecko) Chrome/91.0.4472.124 Safari/537.36'} and proxy: 84.17.35.129:3128
DEBUG:urllib3.connectionpool:Starting new HTTPS connection (1): trends.google.com:443
DEBUG:urllib3.connectionpool:Starting new HTTPS connection (1): trends.google.com:443
DEBUG:urllib3.connectionpool:Starting new HTTPS connection (1): trends.google.com:443
DEBUG:urllib3.connectionpool:Starting new HTTPS connection (1): trends.google.com:443
DEBUG:urllib3.connectionpool:Starting new HTTPS connection (1): trends.google.com:443
DEBUG:urllib3.connectionpool:Starting new HTTPS connection (1): trends.google.com:443
DEBUG:urllib3.connectionpool:Starting new HTTPS connection (1): trends.google.com:443
DEBUG:urllib3.connectionpool:Starting new HTTPS connection (1): trends.google.com:443
DEBUG:urllib3.connectionpool:Starting new HTTPS connection (1): trends.google.com:443
DEBUG:urllib3.connectionpool:Starting new HTTPS connection (1): trends.google.com:443
DEBUG:urllib3.connectionpool:Starting new HTTPS connection (1): trends.google.com:443
DEBUG:urllib3.connectionpool:Starting new HTTPS connection (1): trends.google.com:443
DEBUG:urllib3.connectionpool:Starting new HTTPS connection (1): trends.google.com:443
DEBUG:urllib3.connectionpool:Starting new HTTPS connection (1): trends.google.com:443
DEBUG:urllib3.connectionpool:Starting new HTTPS connection (1): trends.google.com:443
DEBUG:urllib3.connectionpool:Starting new HTTPS connection (1): trends.google.com:443
DEBUG:urllib3.connectionpool:Starting new HTTPS connection (1): trends.google.com:443
DEBUG:urllib3.connectionpool:Starting new HTTPS connection (1): trends.google.com:443
DEBUG:urllib3.connectionpool:Starting new HTTPS connection (1): trends.google.com:443
DEBUG:urllib3.connectionpool:Starting new HTTPS connection (1): trends.google.com:443
DEBUG:urllib3.connectionpool:Starting new HTTPS connection (1): trends.google.com:443
DEBUG:urllib3.connectionpool:Starting new HTTPS connection (1): trends.google.com:443
DEBUG:urllib3.connectionpool:Starting new HTTPS connection (1): trends.google.com:443
DEBUG:urllib3.connectionpool:Starting new HTTPS connection (1): trends.google.com:443
DEBUG:urllib3.connectionpool:Starting new HTTPS connection (1): trends.google.com:443
DEBUG:urllib3.connectionpool:Starting new HTTPS connection (1): trends.google.com:443
DEBUG:urllib3.connectionpool:Starting new HTTPS connection (1): trends.google.com:443
DEBUG:urllib3.connectionpool:Starting new HTTPS connection (1): trends.google.com:443
DEBUG:urllib3.connectionpool:Starting new HTTPS connection (1): trends.google.com:443
DEBUG:urllib3.connectionpool:Starting new HTTPS connection (1): trends.google.com:443
DEBUG:urllib3.connectionpool:Starting new HTTPS connection (1): trends.google.com:443
DEBUG:urllib3.connectionpool:Starting new HTTPS connection (1): trends.google.com:443
DEBUG:urllib3.connectionpool:Starting new HTTPS connection (1): trends.google.com:443
DEBUG:urllib3.connectionpool:Starting new HTTPS connection (1): trends.google.com:443
DEBUG:urllib3.connectionpool:Starting new HTTPS connection (1): trends.google.com:443
DEBUG:urllib3.connectionpool:Starting new HTTPS connection (1): trends.google.com:443
DEBUG:urllib3.connectionpool:Starting new HTTPS connection (1): trends.google.com:443
DEBUG:urllib3.connectionpool:Starting new HTTPS connection (1): trends.google.com:443
DEBUG:urllib3.connectionpool:Starting new HTTPS connection (1): trends.google.com:443
DEBUG:urllib3.connectionpool:Starting new HTTPS connection (1): trends.google.com:443
DEBUG:urllib3.connectionpool:Starting new HTTPS connection (1): trends.google.com:443
DEBUG:urllib3.connectionpool:Starting new HTTPS connection (1): trends.google.com:443
DEBUG:urllib3.connectionpool:Starting new HTTPS connection (1): trends.google.com:443
DEBUG:urllib3.connectionpool:Starting new HTTPS connection (1): trends.google.com:443
DEBUG:urllib3.connectionpool:Starting new HTTPS connection (1): trends.google.com:443
DEBUG:urllib3.connectionpool:Starting new HTTPS connection (1): trends.google.com:443
DEBUG:urllib3.connectionpool:Starting new HTTPS connection (1): trends.google.com:443
DEBUG:urllib3.connectionpool:Starting new HTTPS connection (1): trends.google.com:443
DEBUG:urllib3.connectionpool:Starting new HTTPS connection (1): trends.google.com:443
DEBUG:urllib3.connectionpool:Starting new HTTPS connection (1): trends.google.com:443
DEBUG:urllib3.connectionpool:Starting new HTTPS connection (1): trends.google.com:443
DEBUG:urllib3.connectionpool:Starting new HTTPS connection (1): trends.google.com:443
DEBUG:urllib3.connectionpool:Starting new HTTPS connection (1): trends.google.com:443
DEBUG:urllib3.connectionpool:Starting new HTTPS connection (1): trends.google.com:443
DEBUG:urllib3.connectionpool:Starting new HTTPS connection (1): trends.google.com:443
DEBUG:urllib3.connectionpool:Starting new HTTPS connection (1): trends.google.com:443
DEBUG:urllib3.connectionpool:Starting new HTTPS connection (1): trends.google.com:443
DEBUG:urllib3.connectionpool:Starting new HTTPS connection (1): trends.google.com:443
DEBUG:urllib3.connectionpool:Starting new HTTPS connection (1): trends.google.com:443
DEBUG:urllib3.connectionpool:Starting new HTTPS connection (1): trends.google.com:443
DEBUG:urllib3.connectionpool:Starting new HTTPS connection (1): trends.google.com:443
DEBUG:urllib3.connectionpool:Starting new HTTPS connection (1): trends.google.com:443
DEBUG:urllib3.connectionpool:Starting new HTTPS connection (1): trends.google.com:443
DEBUG:urllib3.connectionpool:Starting new HTTPS connection (1): trends.google.com:443
DEBUG:urllib3.connectionpool:Starting new HTTPS connection (1): trends.google.com:443
DEBUG:urllib3.connectionpool:Starting new HTTPS connection (1): trends.google.com:443
DEBUG:urllib3.connectionpool:Starting new HTTPS connection (1): trends.google.com:443
DEBUG:urllib3.connectionpool:Starting new HTTPS connection (1): trends.google.com:443
DEBUG:urllib3.connectionpool:Starting new HTTPS connection (1): trends.google.com:443
DEBUG:urllib3.connectionpool:Starting new HTTPS connection (1): trends.google.com:443
DEBUG:urllib3.connectionpool:Starting new HTTPS connection (1): trends.google.com:443
DEBUG:urllib3.connectionpool:Starting new HTTPS connection (1): trends.google.com:443
DEBUG:urllib3.connectionpool:Starting new HTTPS connection (1): trends.google.com:443
DEBUG:urllib3.connectionpool:Starting new HTTPS connection (1): trends.google.com:443
DEBUG:urllib3.connectionpool:Starting new HTTPS connection (1): trends.google.com:443
DEBUG:urllib3.connectionpool:Starting new HTTPS connection (1): trends.google.com:443
DEBUG:urllib3.connectionpool:Starting new HTTPS connection (1): trends.google.com:443
DEBUG:urllib3.connectionpool:Starting new HTTPS connection (1): trends.google.com:443
DEBUG:urllib3.connectionpool:Starting new HTTPS connection (1): trends.google.com:443
DEBUG:urllib3.connectionpool:Starting new HTTPS connection (1): trends.google.com:443
DEBUG:urllib3.connectionpool:Starting new HTTPS connection (1): trends.google.com:443
DEBUG:urllib3.connectionpool:Starting new HTTPS connection (1): trends.google.com:443
DEBUG:urllib3.connectionpool:Starting new HTTPS connection (1): trends.google.com:443
DEBUG:urllib3.connectionpool:Starting new HTTPS connection (1): trends.google.com:443
DEBUG:urllib3.connectionpool:Starting new HTTPS connection (1): trends.google.com:443
DEBUG:urllib3.connectionpool:Starting new HTTPS connection (1): trends.google.com:443
DEBUG:urllib3.connectionpool:Starting new HTTPS connection (1): trends.google.com:443
DEBUG:urllib3.connectionpool:Starting new HTTPS connection (1): trends.google.com:443
DEBUG:urllib3.connectionpool:Starting new HTTPS connection (1): trends.google.com:443
DEBUG:urllib3.connectionpool:Starting new HTTPS connection (1): trends.google.com:443
DEBUG:urllib3.connectionpool:Starting new HTTPS connection (1): trends.google.com:443
DEBUG:urllib3.connectionpool:Starting new HTTPS connection (1): trends.google.com:443
DEBUG:urllib3.connectionpool:Starting new HTTPS connection (1): trends.google.com:443
DEBUG:urllib3.connectionpool:Starting new HTTPS connection (1): trends.google.com:443
DEBUG:urllib3.connectionpool:Starting new HTTPS connection (1): trends.google.com:443
DEBUG:urllib3.connectionpool:Starting new HTTPS connection (1): trends.google.com:443
DEBUG:urllib3.connectionpool:Starting new HTTPS connection (1): trends.google.com:443
DEBUG:urllib3.connectionpool:Starting new HTTPS connection (1): trends.google.com:443
DEBUG:urllib3.connectionpool:Starting new HTTPS connection (1): trends.google.com:443
DEBUG:urllib3.connectionpool:Starting new HTTPS connection (1): trends.google.com:443
DEBUG:urllib3.connectionpool:Starting new HTTPS connection (1): trends.google.com:443
DEBUG:urllib3.connectionpool:Starting new HTTPS connection (1): trends.google.com:443
DEBUG:urllib3.connectionpool:Starting new HTTPS connection (1): trends.google.com:443
DEBUG:urllib3.connectionpool:Starting new HTTPS connection (1): trends.google.com:443
DEBUG:urllib3.connectionpool:Starting new HTTPS connection (1): trends.google.com:443
DEBUG:urllib3.connectionpool:Starting new HTTPS connection (1): trends.google.com:443
DEBUG:urllib3.connectionpool:Starting new HTTPS connection (1): trends.google.com:443
DEBUG:urllib3.connectionpool:Starting new HTTPS connection (1): trends.google.com:443
DEBUG:urllib3.connectionpool:Starting new HTTPS connection (1): trends.google.com:443
DEBUG:urllib3.connectionpool:Starting new HTTPS connection (1): trends.google.com:443
DEBUG:urllib3.connectionpool:Starting new HTTPS connection (1): trends.google.com:443
DEBUG:urllib3.connectionpool:Starting new HTTPS connection (1): trends.google.com:443
DEBUG:urllib3.connectionpool:Starting new HTTPS connection (1): trends.google.com:443
DEBUG:urllib3.connectionpool:Starting new HTTPS connection (1): trends.google.com:443
DEBUG:urllib3.connectionpool:Starting new HTTPS connection (1): trends.google.com:443
DEBUG:urllib3.connectionpool:Starting new HTTPS connection (1): trends.google.com:443
DEBUG:urllib3.connectionpool:Starting new HTTPS connection (1): trends.google.com:443
DEBUG:urllib3.connectionpool:Starting new HTTPS connection (1): trends.google.com:443
DEBUG:urllib3.connectionpool:Starting new HTTPS connection (1): trends.google.com:443
DEBUG:urllib3.connectionpool:Starting new HTTPS connection (1): trends.google.com:443
DEBUG:urllib3.connectionpool:Starting new HTTPS connection (1): trends.google.com:443
DEBUG:urllib3.connectionpool:Starting new HTTPS connection (1): trends.google.com:443
DEBUG:urllib3.connectionpool:Starting new HTTPS connection (1): trends.google.com:443
DEBUG:urllib3.connectionpool:Starting new HTTPS connection (1): trends.google.com:443
DEBUG:urllib3.connectionpool:Starting new HTTPS connection (1): trends.google.com:443
DEBUG:urllib3.connectionpool:Starting new HTTPS connection (1): trends.google.com:443
DEBUG:urllib3.connectionpool:Starting new HTTPS connection (1): trends.google.com:443
DEBUG:urllib3.connectionpool:Starting new HTTPS connection (1): trends.google.com:443
DEBUG:urllib3.connectionpool:Starting new HTTPS connection (1): trends.google.com:443
DEBUG:urllib3.connectionpool:Starting new HTTPS connection (1): trends.google.com:443
DEBUG:urllib3.connectionpool:Starting new HTTPS connection (1): trends.google.com:443
DEBUG:urllib3.connectionpool:Starting new HTTPS connection (1): trends.google.com:443
DEBUG:urllib3.connectionpool:Starting new HTTPS connection (1): trends.google.com:443
DEBUG:urllib3.connectionpool:Starting new HTTPS connection (1): trends.google.com:443
DEBUG:urllib3.connectionpool:Starting new HTTPS connection (1): trends.google.com:443
DEBUG:urllib3.connectionpool:Starting new HTTPS connection (1): trends.google.com:443
DEBUG:urllib3.connectionpool:Starting new HTTPS connection (1): trends.google.com:443
DEBUG:urllib3.connectionpool:Starting new HTTPS connection (1): trends.google.com:443
DEBUG:urllib3.connectionpool:Starting new HTTPS connection (1): trends.google.com:443
DEBUG:urllib3.connectionpool:Starting new HTTPS connection (1): trends.google.com:443
DEBUG:urllib3.connectionpool:Starting new HTTPS connection (1): trends.google.com:443
DEBUG:urllib3.connectionpool:Starting new HTTPS connection (1): trends.google.com:443
DEBUG:urllib3.connectionpool:Starting new HTTPS connection (1): trends.google.com:443
DEBUG:urllib3.connectionpool:Starting new HTTPS connection (1): trends.google.com:443
DEBUG:urllib3.connectionpool:Starting new HTTPS connection (1): trends.google.com:443
DEBUG:urllib3.connectionpool:Starting new HTTPS connection (1): trends.google.com:443
DEBUG:urllib3.connectionpool:Starting new HTTPS connection (1): trends.google.com:443
DEBUG:urllib3.connectionpool:Starting new HTTPS connection (1): trends.google.com:443
DEBUG:urllib3.connectionpool:Starting new HTTPS connection (1): trends.google.com:443
DEBUG:urllib3.connectionpool:Starting new HTTPS connection (1): trends.google.com:443
DEBUG:urllib3.connectionpool:Starting new HTTPS connection (1): trends.google.com:443
DEBUG:urllib3.connectionpool:Starting new HTTPS connection (1): trends.google.com:443
DEBUG:urllib3.connectionpool:Starting new HTTPS connection (1): trends.google.com:443
DEBUG:urllib3.connectionpool:Starting new HTTPS connection (1): trends.google.com:443
DEBUG:urllib3.connectionpool:Starting new HTTPS connection (1): trends.google.com:443
DEBUG:urllib3.connectionpool:Starting new HTTPS connection (1): trends.google.com:443
DEBUG:urllib3.connectionpool:Starting new HTTPS connection (1): trends.google.com:443
DEBUG:urllib3.connectionpool:Starting new HTTPS connection (1): trends.google.com:443
DEBUG:urllib3.connectionpool:Starting new HTTPS connection (1): trends.google.com:443
DEBUG:urllib3.connectionpool:Starting new HTTPS connection (1): trends.google.com:443
DEBUG:urllib3.connectionpool:Starting new HTTPS connection (1): trends.google.com:443
DEBUG:urllib3.connectionpool:Starting new HTTPS connection (1): trends.google.com:443
DEBUG:urllib3.connectionpool:Starting new HTTPS connection (1): trends.google.com:443
DEBUG:urllib3.connectionpool:Starting new HTTPS connection (1): trends.google.com:443
DEBUG:urllib3.connectionpool:Starting new HTTPS connection (1): trends.google.com:443
DEBUG:urllib3.connectionpool:Starting new HTTPS connection (1): trends.google.com:443
DEBUG:urllib3.connectionpool:Starting new HTTPS connection (1): trends.google.com:443
DEBUG:urllib3.connectionpool:Starting new HTTPS connection (1): trends.google.com:443
DEBUG:urllib3.connectionpool:Starting new HTTPS connection (1): trends.google.com:443
DEBUG:urllib3.connectionpool:Starting new HTTPS connection (1): trends.google.com:443
DEBUG:urllib3.connectionpool:Starting new HTTPS connection (1): trends.google.com:443
DEBUG:urllib3.connectionpool:Starting new HTTPS connection (1): trends.google.com:443
DEBUG:urllib3.connectionpool:Starting new HTTPS connection (1): trends.google.com:443
DEBUG:urllib3.connectionpool:Starting new HTTPS connection (1): trends.google.com:443
DEBUG:urllib3.connectionpool:Starting new HTTPS connection (1): trends.google.com:443
DEBUG:urllib3.connectionpool:Starting new HTTPS connection (1): trends.google.com:443
DEBUG:urllib3.connectionpool:Starting new HTTPS connection (1): trends.google.com:443
DEBUG:urllib3.connectionpool:Starting new HTTPS connection (1): trends.google.com:443
DEBUG:urllib3.connectionpool:Starting new HTTPS connection (1): trends.google.com:443
DEBUG:urllib3.connectionpool:Starting new HTTPS connection (1): trends.google.com:443
DEBUG:urllib3.connectionpool:Starting new HTTPS connection (1): trends.google.com:443
DEBUG:urllib3.connectionpool:Starting new HTTPS connection (1): trends.google.com:443
DEBUG:urllib3.connectionpool:Starting new HTTPS connection (1): trends.google.com:443
DEBUG:urllib3.connectionpool:Starting new HTTPS connection (1): trends.google.com:443
DEBUG:urllib3.connectionpool:Starting new HTTPS connection (1): trends.google.com:443
DEBUG:urllib3.connectionpool:Starting new HTTPS connection (1): trends.google.com:443
DEBUG:urllib3.connectionpool:Starting new HTTPS connection (1): trends.google.com:443
DEBUG:urllib3.connectionpool:Starting new HTTPS connection (1): trends.google.com:443
DEBUG:urllib3.connectionpool:Starting new HTTPS connection (1): trends.google.com:443
DEBUG:urllib3.connectionpool:Starting new HTTPS connection (1): trends.google.com:443
DEBUG:urllib3.connectionpool:Starting new HTTPS connection (1): trends.google.com:443
DEBUG:urllib3.connectionpool:Starting new HTTPS connection (1): trends.google.com:443
DEBUG:urllib3.connectionpool:Starting new HTTPS connection (1): trends.google.com:443
DEBUG:urllib3.connectionpool:Starting new HTTPS connection (1): trends.google.com:443
DEBUG:urllib3.connectionpool:Starting new HTTPS connection (1): trends.google.com:443
DEBUG:urllib3.connectionpool:Starting new HTTPS connection (1): trends.google.com:443
DEBUG:urllib3.connectionpool:Starting new HTTPS connection (1): trends.google.com:443
DEBUG:urllib3.connectionpool:Starting new HTTPS connection (1): trends.google.com:443
DEBUG:urllib3.connectionpool:Starting new HTTPS connection (1): trends.google.com:443
DEBUG:urllib3.connectionpool:Starting new HTTPS connection (1): trends.google.com:443
DEBUG:urllib3.connectionpool:Starting new HTTPS connection (1): trends.google.com:443
DEBUG:urllib3.connectionpool:Starting new HTTPS connection (1): trends.google.com:443
DEBUG:urllib3.connectionpool:Starting new HTTPS connection (1): trends.google.com:443
DEBUG:urllib3.connectionpool:Starting new HTTPS connection (1): trends.google.com:443
DEBUG:urllib3.connectionpool:Starting new HTTPS connection (1): trends.google.com:443
DEBUG:urllib3.connectionpool:Starting new HTTPS connection (1): trends.google.com:443
DEBUG:urllib3.connectionpool:Starting new HTTPS connection (1): trends.google.com:443
DEBUG:urllib3.connectionpool:Starting new HTTPS connection (1): trends.google.com:443
